build/app/intermediates/manifest_merge_blame_file/debug/manifest-merger-blame-debug-report.txt
1<?xml version="1.0" encoding="utf-8"?>
2<manifest xmlns:android="http://schemas.android.com/apk/res/android"
3    package="com.example.flutter_learning_app"
4    android:versionCode="1"
5    android:versionName="1.0.0" >
6
7    <uses-sdk
8        android:minSdkVersion="16"
9        android:targetSdkVersion="31" />
10    <!--
11         The INTERNET permission is required for development. Specifically,
12         the Flutter tool needs it to communicate with the running application
13         to allow setting breakpoints, to provide hot reload, etc.
14    -->
15    <uses-permission android:name="android.permission.INTERNET" />
15-->src\debug\AndroidManifest.xml:7:5-66
15-->src\debug\AndroidManifest.xml:7:22-64
16    <!-- Provide required visibility configuration for API level 30 and above -->
17    <queries>
17-->src\main\AndroidManifest.xml:7:1-24:11
18
19        <!-- If your app checks for SMS support -->
20        <intent>
20-->src\main\AndroidManifest.xml:9:3-12:12
21            <action android:name="android.intent.action.VIEW" />
21-->src\main\AndroidManifest.xml:10:5-57
21-->src\main\AndroidManifest.xml:10:13-54
22
23            <data android:scheme="sms" />
23-->src\main\AndroidManifest.xml:11:5-34
23-->src\main\AndroidManifest.xml:11:11-31
24        </intent>
25        <!-- If your app checks for call support -->
26        <intent>
26-->src\main\AndroidManifest.xml:14:3-17:12
27            <action android:name="android.intent.action.VIEW" />
27-->src\main\AndroidManifest.xml:10:5-57
27-->src\main\AndroidManifest.xml:10:13-54
28
29            <data android:scheme="tel" />
29-->src\main\AndroidManifest.xml:11:5-34
29-->src\main\AndroidManifest.xml:11:11-31
30        </intent>
31        <!-- Place inside the <queries> element. -->
32        <intent>
32-->src\main\AndroidManifest.xml:19:3-23:10
33            <action android:name="android.intent.action.VIEW" />
33-->src\main\AndroidManifest.xml:10:5-57
33-->src\main\AndroidManifest.xml:10:13-54
34
35            <category android:name="android.intent.category.BROWSABLE" />
35-->src\main\AndroidManifest.xml:21:3-64
35-->src\main\AndroidManifest.xml:21:13-61
36
37            <data android:scheme="https" />
37-->src\main\AndroidManifest.xml:11:5-34
37-->src\main\AndroidManifest.xml:11:11-31
38        </intent>
39    </queries>
40
41    <application
42        android:name="android.app.Application"
43        android:appComponentFactory="androidx.core.app.CoreComponentFactory"
43-->[androidx.core:core:1.6.0] AndroidManifest.xml:24:18-86
44        android:debuggable="true"
45        android:icon="@mipmap/ic_launcher"
46        android:label="flutter_learning_app" >
47        <activity
48            android:name="com.example.flutter_learning_app.MainActivity"
49            android:configChanges="orientation|keyboardHidden|keyboard|screenSize|smallestScreenSize|locale|layoutDirection|fontScale|screenLayout|density|uiMode"
50            android:exported="true"
51            android:hardwareAccelerated="true"
52            android:launchMode="singleTop"
53            android:theme="@style/LaunchTheme"
54            android:windowSoftInputMode="adjustResize" >
55
56            <!--
57                 Specifies an Android theme to apply to this Activity as soon as
58                 the Android process has started. This theme is visible to the user
59                 while the Flutter UI initializes. After that, this theme continues
60                 to determine the Window background behind the Flutter UI.
61            -->
62            <meta-data
63                android:name="io.flutter.embedding.android.NormalTheme"
64                android:resource="@style/NormalTheme" />
65
66            <intent-filter>
67                <action android:name="android.intent.action.MAIN" />
68
69                <category android:name="android.intent.category.LAUNCHER" />
70            </intent-filter>
71        </activity>
72        <!--
73             Don't delete the meta-data below.
74             This is used by the Flutter tool to generate GeneratedPluginRegistrant.java
75        -->
76        <meta-data
77            android:name="flutterEmbedding"
78            android:value="2" />
79
80        <activity
80-->[:url_launcher_android] AndroidManifest.xml:10:9-13:74
81            android:name="io.flutter.plugins.urllauncher.WebViewActivity"
81-->[:url_launcher_android] AndroidManifest.xml:11:13-74
82            android:exported="false"
82-->[:url_launcher_android] AndroidManifest.xml:12:13-37
83            android:theme="@android:style/Theme.NoTitleBar.Fullscreen" />
83-->[:url_launcher_android] AndroidManifest.xml:13:13-71
84
85        <uses-library
85-->[androidx.window:window:1.0.0-beta04] AndroidManifest.xml:25:9-27:40
86            android:name="androidx.window.extensions"
86-->[androidx.window:window:1.0.0-beta04] AndroidManifest.xml:26:13-54
87            android:required="false" />
87-->[androidx.window:window:1.0.0-beta04] AndroidManifest.xml:27:13-37
88        <uses-library
88-->[androidx.window:window:1.0.0-beta04] AndroidManifest.xml:28:9-30:40
89            android:name="androidx.window.sidecar"
89-->[androidx.window:window:1.0.0-beta04] AndroidManifest.xml:29:13-51
90            android:required="false" />
90-->[androidx.window:window:1.0.0-beta04] AndroidManifest.xml:30:13-37
91    </application>
92
93</manifest>